<?xml version="1.0" encoding="UTF-8"?>
<testsuite xmlns:xsi="http://www.w3.org/2001/XMLSchema-instance" xsi:noNamespaceSchemaLocation="https://maven.apache.org/surefire/maven-surefire-plugin/xsd/surefire-test-report-3.0.xsd" version="3.0" name="com.haroon.movingaverage.impl.MovingAverageImplTest" time="0.282" tests="15" errors="0" skipped="0" failures="0">
  <properties>
    <property name="java.specification.version" value="14"/>
    <property name="sun.jnu.encoding" value="UTF-8"/>
    <property name="java.class.path" value="/Users/haroonsiddiqui/eclipse-workspace/SDEChallenge/target/test-classes:/Users/haroonsiddiqui/eclipse-workspace/SDEChallenge/target/classes:/Users/haroonsiddiqui/.m2/repository/junit/junit/4.8.1/junit-4.8.1.jar:"/>
    <property name="java.vm.vendor" value="Oracle Corporation"/>
    <property name="sun.arch.data.model" value="64"/>
    <property name="java.vendor.url" value="https://java.oracle.com/"/>
    <property name="os.name" value="Mac OS X"/>
    <property name="java.vm.specification.version" value="14"/>
    <property name="sun.java.launcher" value="SUN_STANDARD"/>
    <property name="user.country" value="CA"/>
    <property name="sun.boot.library.path" value="/Library/Java/JavaVirtualMachines/jdk-14.0.1.jdk/Contents/Home/lib"/>
    <property name="sun.java.command" value="/Users/haroonsiddiqui/eclipse-workspace/SDEChallenge/target/surefire/surefirebooter16733812350326716349.jar /Users/haroonsiddiqui/eclipse-workspace/SDEChallenge/target/surefire 2020-04-18T21-48-43_739-jvmRun1 surefire12902136046086036888tmp surefire_04349686296891679867tmp"/>
    <property name="http.nonProxyHosts" value="local|*.local|169.254/16|*.169.254/16"/>
    <property name="jdk.debug" value="release"/>
    <property name="surefire.test.class.path" value="/Users/haroonsiddiqui/eclipse-workspace/SDEChallenge/target/test-classes:/Users/haroonsiddiqui/eclipse-workspace/SDEChallenge/target/classes:/Users/haroonsiddiqui/.m2/repository/junit/junit/4.8.1/junit-4.8.1.jar:"/>
    <property name="sun.cpu.endian" value="little"/>
    <property name="user.home" value="/Users/haroonsiddiqui"/>
    <property name="user.language" value="en"/>
    <property name="java.specification.vendor" value="Oracle Corporation"/>
    <property name="java.version.date" value="2020-04-14"/>
    <property name="java.home" value="/Library/Java/JavaVirtualMachines/jdk-14.0.1.jdk/Contents/Home"/>
    <property name="file.separator" value="/"/>
    <property name="basedir" value="/Users/haroonsiddiqui/eclipse-workspace/SDEChallenge"/>
    <property name="java.vm.compressedOopsMode" value="Zero based"/>
    <property name="line.separator" value="&#10;"/>
    <property name="java.specification.name" value="Java Platform API Specification"/>
    <property name="java.vm.specification.vendor" value="Oracle Corporation"/>
    <property name="surefire.real.class.path" value="/Users/haroonsiddiqui/eclipse-workspace/SDEChallenge/target/surefire/surefirebooter16733812350326716349.jar"/>
    <property name="sun.management.compiler" value="HotSpot 64-Bit Tiered Compilers"/>
    <property name="ftp.nonProxyHosts" value="local|*.local|169.254/16|*.169.254/16"/>
    <property name="java.runtime.version" value="14.0.1+7"/>
    <property name="user.name" value="haroonsiddiqui"/>
    <property name="path.separator" value=":"/>
    <property name="os.version" value="10.13.6"/>
    <property name="java.runtime.name" value="Java(TM) SE Runtime Environment"/>
    <property name="file.encoding" value="UTF-8"/>
    <property name="java.vm.name" value="Java HotSpot(TM) 64-Bit Server VM"/>
    <property name="localRepository" value="/Users/haroonsiddiqui/.m2/repository"/>
    <property name="java.vendor.url.bug" value="https://bugreport.java.com/bugreport/"/>
    <property name="java.io.tmpdir" value="/var/folders/sp/c_s708m5011_yzx3_f3rxdf00000gn/T/"/>
    <property name="java.version" value="14.0.1"/>
    <property name="user.dir" value="/Users/haroonsiddiqui/eclipse-workspace/SDEChallenge"/>
    <property name="os.arch" value="x86_64"/>
    <property name="java.vm.specification.name" value="Java Virtual Machine Specification"/>
    <property name="java.library.path" value="/Users/haroonsiddiqui/Library/Java/Extensions:/Library/Java/Extensions:/Network/Library/Java/Extensions:/System/Library/Java/Extensions:/usr/lib/java:."/>
    <property name="java.vm.info" value="mixed mode, sharing"/>
    <property name="java.vendor" value="Oracle Corporation"/>
    <property name="java.vm.version" value="14.0.1+7"/>
    <property name="sun.io.unicode.encoding" value="UnicodeBig"/>
    <property name="socksNonProxyHosts" value="local|*.local|169.254/16|*.169.254/16"/>
    <property name="java.class.version" value="58.0"/>
  </properties>
  <testcase name="insertElementTest" classname="com.haroon.movingaverage.impl.MovingAverageImplTest" time="0.085"/>
  <testcase name="calculateMovingAverageWindowSizeGreaterThanListSizeTest" classname="com.haroon.movingaverage.impl.MovingAverageImplTest" time="0.013"/>
  <testcase name="calculateMovingAverageWindowSizeEqualsListSizeTest" classname="com.haroon.movingaverage.impl.MovingAverageImplTest" time="0.018"/>
  <testcase name="calculateMovingAverageWindowSizeLessThanListSizeTest" classname="com.haroon.movingaverage.impl.MovingAverageImplTest" time="0.039"/>
  <testcase name="calculateMovingAverageNegativeInputTest" classname="com.haroon.movingaverage.impl.MovingAverageImplTest" time="0.008"/>
  <testcase name="calculateMovingAverageWindowSizeZeroTest" classname="com.haroon.movingaverage.impl.MovingAverageImplTest" time="0"/>
  <testcase name="calculateMovingAverageWindowSizeZeroListSizeNotZeroTest" classname="com.haroon.movingaverage.impl.MovingAverageImplTest" time="0.008"/>
  <testcase name="calculateMovingAverageWindowSizeNegativeTest" classname="com.haroon.movingaverage.impl.MovingAverageImplTest" time="0.003"/>
  <testcase name="calculateMovingAverageWindowSizeNullTest" classname="com.haroon.movingaverage.impl.MovingAverageImplTest" time="0.002"/>
  <testcase name="excpetionHandlingNullElementInsertTest" classname="com.haroon.movingaverage.impl.MovingAverageImplTest" time="0.002"/>
  <testcase name="excpetionHandlingAverageOfEmptyListTest" classname="com.haroon.movingaverage.impl.MovingAverageImplTest" time="0.002"/>
  <testcase name="getDataStructSizeTest" classname="com.haroon.movingaverage.impl.MovingAverageImplTest" time="0.004"/>
  <testcase name="getElementCorrectIndexTest" classname="com.haroon.movingaverage.impl.MovingAverageImplTest" time="0.006"/>
  <testcase name="getElementInCorrectIndexTest" classname="com.haroon.movingaverage.impl.MovingAverageImplTest" time="0.004"/>
  <testcase name="getAllElementsTest" classname="com.haroon.movingaverage.impl.MovingAverageImplTest" time="0.017"/>
</testsuite>